[2024-09-27 07:43:32] [INFO]: Checking for updates...
[2024-10-01 11:05:02] [INFO]: Checking for updates...
[2024-10-01 11:05:25] [INFO]: Checking for updates...
[2024-10-01 11:15:47] [INFO]: Checking for updates...
[2024-10-01 11:30:34] [INFO]: Checking for updates...
[2024-10-01 11:31:24] [INFO]: Checking for updates...
[2024-10-01 11:31:54] [INFO]: Checking for updates...
[2024-10-01 11:32:17] [INFO]: Checking for updates...
[2024-10-01 11:32:38] [INFO]: Checking for updates...
[2024-10-01 11:32:51] [INFO]: Checking for updates...
[2024-10-01 11:33:42] [INFO]: Checking for updates...
[2024-10-01 11:34:14] [INFO]: Checking for updates...
[2024-10-01 11:35:18] [INFO]: Checking for updates...
[2024-10-01 11:35:18] [INFO]: 1
[2024-10-01 11:35:37] [INFO]: Checking for updates...
[2024-10-01 11:35:37] [INFO]: 1
[2024-10-01 11:39:18] [INFO]: Checking for updates...
[2024-10-01 11:39:29] [INFO]: Checking for updates...
[2024-10-01 11:39:29] [INFO]: 0
[2024-10-01 11:39:29] [INFO]: 1
[2024-10-01 11:39:29] [INFO]: 2
[2024-10-01 11:39:35] [INFO]: Checking for updates...
[2024-10-01 11:39:35] [INFO]: 0
[2024-10-01 11:39:35] [INFO]: 1
[2024-10-01 11:39:35] [INFO]: 2
[2024-10-01 11:39:35] [INFO]: 3
[2024-10-01 11:39:52] [INFO]: Checking for updates...
[2024-10-01 11:39:52] [INFO]: 0
[2024-10-01 11:39:52] [INFO]: 1
[2024-10-01 11:39:52] [INFO]: 2
[2024-10-01 11:40:40] [INFO]: Checking for updates...
[2024-10-01 11:40:40] [INFO]: amount:  releases)}
[2024-10-01 11:41:09] [INFO]: Checking for updates...
[2024-10-01 11:41:09] [INFO]: amount: 1 releases)}
[2024-10-01 11:41:14] [INFO]: Checking for updates...
[2024-10-01 11:41:14] [INFO]: amount: 1 releases
[2024-10-01 13:28:00] [INFO]: Checking for updates...
[2024-10-01 13:28:00] [INFO]: queried 1 releases.
[2024-10-01 13:30:15] [INFO]: Checking for updates...
[2024-10-01 13:30:15] [INFO]: queried 1 releases.
[2024-10-01 13:30:15] [INFO]: Downloading 0.0.1 (Master) ...
[2024-10-01 13:31:11] [INFO]: Checking for updates...
[2024-10-01 13:31:12] [INFO]: queried 1 releases.
[2024-10-01 13:31:12] [INFO]: Downloading 0.0.1 (Master) ...
[2024-10-01 13:31:22] [INFO]: Checking for updates...
[2024-10-01 13:31:22] [INFO]: queried 1 releases.
[2024-10-01 13:31:22] [INFO]: Downloading 0.0.1 (Master) ...
[2024-10-01 13:31:31] [INFO]: Checking for updates...
[2024-10-01 13:31:31] [INFO]: queried 1 releases.
[2024-10-01 13:31:31] [INFO]: 1
[2024-10-01 13:31:31] [INFO]: Downloading 0.0.1 (Master) ...
[2024-10-01 13:31:36] [INFO]: Checking for updates...
[2024-10-01 13:31:36] [INFO]: queried 1 releases.
[2024-10-01 13:31:36] [WARNING]: This version is prerelease, proceed with caution.
[2024-10-01 13:31:36] [INFO]: Downloading 0.0.1 (Master) ...
[2024-10-01 13:31:45] [INFO]: Checking for updates...
[2024-10-01 13:31:45] [INFO]: queried 1 releases.
[2024-10-01 13:31:45] [WARNING]: This version is marked as prerelease, proceed with caution.
[2024-10-01 13:31:45] [INFO]: Downloading 0.0.1 (Master) ...
[2024-10-01 13:32:17] [INFO]: Checking for updates...
[2024-10-01 13:32:17] [INFO]: Queried 1 releases.
[2024-10-01 13:32:17] [WARNING]: This version is marked as prerelease, proceed with caution.
[2024-10-01 13:32:17] [INFO]: Downloading 0.0.1 (Master) ...
